<?xml version="1.0" encoding="UTF-8"?>
<!-- Generated by org.testng.reporters.JUnitXMLReporter -->
<testsuite hostname="AMAC02Q22UBG8WM" ignored="0" name="Validating login functionality" tests="7" failures="0" timestamp="03 Jun 2018 17:12:04 GMT" time="13.753" errors="0">
  <testcase name="verifyJoinOceanLink" time="0.501" classname="android_Testcases.Login"/>
  <testcase name="verifyPasswordField" time="0.028" classname="android_Testcases.Login"/>
  <testcase name="verifyRememberMeField" time="0.027" classname="android_Testcases.Login"/>
  <testcase name="verifyUsernameField" time="0.031" classname="android_Testcases.Login"/>
  <testcase name="verifyWelcomeToOCEAN" time="0.059" classname="android_Testcases.Login"/>
  <testcase name="verifygetLogOnBTN" time="0.035" classname="android_Testcases.Login"/>
  <testcase name="verifyLogin" time="13.06" classname="android_Testcases.Login"/>
</testsuite> <!-- Validating login functionality -->
