<?xml version="1.0" encoding="UTF-8"?>
<!-- Generated by org.testng.reporters.JUnitXMLReporter -->
<testsuite hostname="AMAC02Q22UBG8WM" ignored="0" name="Validating Join Ocean functionality" tests="7" failures="1" timestamp="03 Jun 2018 17:01:57 GMT" time="107.153" errors="0">
  <testcase name="verifyEnvSelection" time="12.969" classname="android_Testcases.EnvironmentSelection">
    <failure type="org.openqa.selenium.NoSuchElementException" message="An element could not be located on the page using the given search parameters. (WARNING: The server did not provide any stacktrace information)
Command duration or timeout: 0 milliseconds
For documentation on this error, please visit: http://seleniumhq.org/exceptions/no_such_element.html
Build info: version: &amp;apos;3.5.3&amp;apos;, revision: &amp;apos;a88d25fe6b&amp;apos;, time: &amp;apos;2017-08-29T12:42:44.417Z&amp;apos;
System info: host: &amp;apos;AMAC02Q22UBG8WM&amp;apos;, ip: &amp;apos;fe80:0:0:0:df:7ee6:4663:4202%en0&amp;apos;, os.name: &amp;apos;Mac OS X&amp;apos;, os.arch: &amp;apos;x86_64&amp;apos;, os.version: &amp;apos;10.13.4&amp;apos;, java.version: &amp;apos;1.8.0_131&amp;apos;
Driver info: io.appium.java_client.android.AndroidDriver
Capabilities [{app=/Users/aparna.suresh.phondu/Documents/Aparna/OceanReady_Workspace/OceanReady_Android/src/main/java/resources/OR_31052018_2.apk, appPackage=com.carnival.gxi.ocean.compass.oceanready, deviceScreenSize=1440x2560, networkConnectionEnabled=true, noReset=true, warnings={}, appWaitPackage=com.carnival.gxi.ocean.compass.oceanready, appWaitActivity=com.carnival.gxi.ocean.compass.oceanready.activity.SelectEnvironmentActivity, databaseEnabled=false, deviceName=emulator-5554, platform=LINUX, deviceUDID=emulator-5554, appActivity=com.carnival.gxi.ocean.compass.oceanready.activity.SelectEnvironmentActivity, desired={app=/Users/aparna.suresh.phondu/Documents/Aparna/OceanReady_Workspace/OceanReady_Android/src/main/java/resources/OR_31052018_2.apk, noReset=true, platformName=Android, deviceName=Samsung}, platformVersion=7.1.1, webStorageEnabled=false, locationContextEnabled=false, takesScreenshot=true, javascriptEnabled=true, deviceModel=Android SDK built for x86, deviceManufacturer=Google, platformName=LINUX}]
Session ID: a13f6b87-2de4-4d11-838d-2ece5d02c087
*** Element info: {Using=xpath, value=//*[@text=&amp;apos;Select Environment&amp;apos;]}">
      <![CDATA[org.openqa.selenium.NoSuchElementException: An element could not be located on the page using the given search parameters. (WARNING: The server did not provide any stacktrace information)
Command duration or timeout: 0 milliseconds
For documentation on this error, please visit: http://seleniumhq.org/exceptions/no_such_element.html
Build info: version: '3.5.3', revision: 'a88d25fe6b', time: '2017-08-29T12:42:44.417Z'
System info: host: 'AMAC02Q22UBG8WM', ip: 'fe80:0:0:0:df:7ee6:4663:4202%en0', os.name: 'Mac OS X', os.arch: 'x86_64', os.version: '10.13.4', java.version: '1.8.0_131'
Driver info: io.appium.java_client.android.AndroidDriver
Capabilities [{app=/Users/aparna.suresh.phondu/Documents/Aparna/OceanReady_Workspace/OceanReady_Android/src/main/java/resources/OR_31052018_2.apk, appPackage=com.carnival.gxi.ocean.compass.oceanready, deviceScreenSize=1440x2560, networkConnectionEnabled=true, noReset=true, warnings={}, appWaitPackage=com.carnival.gxi.ocean.compass.oceanready, appWaitActivity=com.carnival.gxi.ocean.compass.oceanready.activity.SelectEnvironmentActivity, databaseEnabled=false, deviceName=emulator-5554, platform=LINUX, deviceUDID=emulator-5554, appActivity=com.carnival.gxi.ocean.compass.oceanready.activity.SelectEnvironmentActivity, desired={app=/Users/aparna.suresh.phondu/Documents/Aparna/OceanReady_Workspace/OceanReady_Android/src/main/java/resources/OR_31052018_2.apk, noReset=true, platformName=Android, deviceName=Samsung}, platformVersion=7.1.1, webStorageEnabled=false, locationContextEnabled=false, takesScreenshot=true, javascriptEnabled=true, deviceModel=Android SDK built for x86, deviceManufacturer=Google, platformName=LINUX}]
Session ID: a13f6b87-2de4-4d11-838d-2ece5d02c087
*** Element info: {Using=xpath, value=//*[@text='Select Environment']}
at org.openqa.selenium.remote.ErrorHandler.createThrowable(ErrorHandler.java:215)
at org.openqa.selenium.remote.ErrorHandler.throwIfResponseFailed(ErrorHandler.java:167)
at org.openqa.selenium.remote.http.JsonHttpResponseCodec.reconstructValue(JsonHttpResponseCodec.java:40)
at org.openqa.selenium.remote.http.AbstractHttpResponseCodec.decode(AbstractHttpResponseCodec.java:82)
at org.openqa.selenium.remote.http.AbstractHttpResponseCodec.decode(AbstractHttpResponseCodec.java:45)
at org.openqa.selenium.remote.HttpCommandExecutor.execute(HttpCommandExecutor.java:164)
at io.appium.java_client.remote.AppiumCommandExecutor.execute(AppiumCommandExecutor.java:89)
at org.openqa.selenium.remote.RemoteWebDriver.execute(RemoteWebDriver.java:646)
at io.appium.java_client.DefaultGenericMobileDriver.execute(DefaultGenericMobileDriver.java:42)
at io.appium.java_client.AppiumDriver.execute(AppiumDriver.java:1)
at io.appium.java_client.android.AndroidDriver.execute(AndroidDriver.java:1)
at org.openqa.selenium.remote.RemoteWebDriver.findElement(RemoteWebDriver.java:416)
at io.appium.java_client.DefaultGenericMobileDriver.findElement(DefaultGenericMobileDriver.java:62)
at io.appium.java_client.AppiumDriver.findElement(AppiumDriver.java:1)
at io.appium.java_client.android.AndroidDriver.findElement(AndroidDriver.java:1)
at org.openqa.selenium.remote.RemoteWebDriver.findElementByXPath(RemoteWebDriver.java:518)
at io.appium.java_client.DefaultGenericMobileDriver.findElementByXPath(DefaultGenericMobileDriver.java:140)
at io.appium.java_client.AppiumDriver.findElementByXPath(AppiumDriver.java:1)
at io.appium.java_client.android.AndroidDriver.findElementByXPath(AndroidDriver.java:1)
at org.openqa.selenium.By$ByXPath.findElement(By.java:361)
at org.openqa.selenium.remote.RemoteWebDriver.findElement(RemoteWebDriver.java:408)
at io.appium.java_client.DefaultGenericMobileDriver.findElement(DefaultGenericMobileDriver.java:58)
at io.appium.java_client.AppiumDriver.findElement(AppiumDriver.java:1)
at io.appium.java_client.android.AndroidDriver.findElement(AndroidDriver.java:1)
at pageObjects.PageObj_EnvSelection_screen.getselectEnv(PageObj_EnvSelection_screen.java:20)
at android_Testcases.EnvironmentSelection.verifyEnvSelection(EnvironmentSelection.java:41)
... Removed 29 stack frames]]>
    </failure>
  </testcase> <!-- verifyEnvSelection -->
  <testcase name="verifyJoinOceanLink" time="0.496" classname="android_Testcases.JoinOcean"/>
  <testcase name="verifyJoinoceanflow" time="17.793" classname="android_Testcases.JoinOcean"/>
  <testcase name="verifyCreatePwdSubHeader" time="14.096" classname="android_Testcases.JoinOcean"/>
  <testcase name="verifyPasswordField" time="0.205" classname="android_Testcases.JoinOcean"/>
  <testcase name="verifyemailField" time="0.197" classname="android_Testcases.JoinOcean"/>
  <testcase name="verifyCreatePassword" time="13.201" classname="android_Testcases.JoinOcean"/>
</testsuite> <!-- Validating Join Ocean functionality -->
